<?xml version="1.0" encoding="UTF-8"?>
<testng-results ignored="0" total="4" passed="3" failed="1" skipped="0">
  <reporter-output>
  </reporter-output>
  <suite started-at="2025-07-01T12:49:52 IST" name="Surefire suite" finished-at="2025-07-01T12:50:27 IST" duration-ms="34151">
    <groups>
    </groups>
    <test started-at="2025-07-01T12:49:52 IST" name="Surefire test" finished-at="2025-07-01T12:50:27 IST" duration-ms="34151">
      <class name="bookstoscape_automation.BooksTest">
        <test-method is-config="true" signature="setUp()[pri:0, instance:bookstoscape_automation.BooksTest@7c469c48]" started-at="2025-07-01T12:49:52 IST" name="setUp" finished-at="2025-07-01T12:50:01 IST" duration-ms="8340" status="PASS">
          <reporter-output>
          </reporter-output>
        </test-method> <!-- setUp -->
        <test-method signature="testAddBookToBasket()[pri:0, instance:bookstoscape_automation.BooksTest@7c469c48]" started-at="2025-07-01T12:50:01 IST" name="testAddBookToBasket" finished-at="2025-07-01T12:50:03 IST" duration-ms="1882" status="PASS">
          <reporter-output>
          </reporter-output>
        </test-method> <!-- testAddBookToBasket -->
        <test-method is-config="true" signature="tearDown()[pri:0, instance:bookstoscape_automation.BooksTest@7c469c48]" started-at="2025-07-01T12:50:03 IST" name="tearDown" finished-at="2025-07-01T12:50:03 IST" duration-ms="263" status="PASS">
          <reporter-output>
          </reporter-output>
        </test-method> <!-- tearDown -->
        <test-method is-config="true" signature="setUp()[pri:0, instance:bookstoscape_automation.BooksTest@7c469c48]" started-at="2025-07-01T12:50:03 IST" name="setUp" finished-at="2025-07-01T12:50:08 IST" duration-ms="4909" status="PASS">
          <reporter-output>
          </reporter-output>
        </test-method> <!-- setUp -->
        <test-method signature="testNonFictionCategory()[pri:0, instance:bookstoscape_automation.BooksTest@7c469c48]" started-at="2025-07-01T12:50:08 IST" name="testNonFictionCategory" finished-at="2025-07-01T12:50:11 IST" duration-ms="2933" status="PASS">
          <reporter-output>
          </reporter-output>
        </test-method> <!-- testNonFictionCategory -->
        <test-method is-config="true" signature="tearDown()[pri:0, instance:bookstoscape_automation.BooksTest@7c469c48]" started-at="2025-07-01T12:50:11 IST" name="tearDown" finished-at="2025-07-01T12:50:11 IST" duration-ms="278" status="PASS">
          <reporter-output>
          </reporter-output>
        </test-method> <!-- tearDown -->
        <test-method is-config="true" signature="setUp()[pri:0, instance:bookstoscape_automation.BooksTest@7c469c48]" started-at="2025-07-01T12:50:11 IST" name="setUp" finished-at="2025-07-01T12:50:21 IST" duration-ms="9588" status="PASS">
          <reporter-output>
          </reporter-output>
        </test-method> <!-- setUp -->
        <test-method signature="testPageTitle1()[pri:0, instance:bookstoscape_automation.BooksTest@7c469c48]" started-at="2025-07-01T12:50:21 IST" name="testPageTitle1" finished-at="2025-07-01T12:50:21 IST" duration-ms="13" status="FAIL">
          <exception class="java.lang.AssertionError">
            <message>
              <![CDATA[Page title mismatch! expected [My Store] but found [All products | Books to Scrape - Sandbox]]]>
            </message>
            <full-stacktrace>
              <![CDATA[java.lang.AssertionError: Page title mismatch! expected [My Store] but found [All products | Books to Scrape - Sandbox]
at org.testng.Assert.fail(Assert.java:111)
at org.testng.Assert.failNotEquals(Assert.java:1578)
at org.testng.Assert.assertEqualsImpl(Assert.java:150)
at org.testng.Assert.assertEquals(Assert.java:132)
at org.testng.Assert.assertEquals(Assert.java:656)
at bookstoscape_automation.BooksTest.testPageTitle1(BooksTest.java:26)
at java.base/jdk.internal.reflect.DirectMethodHandleAccessor.invoke(DirectMethodHandleAccessor.java:104)
at java.base/java.lang.reflect.Method.invoke(Method.java:578)
at org.testng.internal.invokers.MethodInvocationHelper.invokeMethod(MethodInvocationHelper.java:139)
at org.testng.internal.invokers.TestInvoker.invokeMethod(TestInvoker.java:664)
at org.testng.internal.invokers.TestInvoker.invokeTestMethod(TestInvoker.java:227)
at org.testng.internal.invokers.MethodRunner.runInSequence(MethodRunner.java:50)
at org.testng.internal.invokers.TestInvoker$MethodInvocationAgent.invoke(TestInvoker.java:957)
at org.testng.internal.invokers.TestInvoker.invokeTestMethods(TestInvoker.java:200)
at org.testng.internal.invokers.TestMethodWorker.invokeTestMethods(TestMethodWorker.java:148)
at org.testng.internal.invokers.TestMethodWorker.run(TestMethodWorker.java:128)
at java.base/java.util.ArrayList.forEach(ArrayList.java:1511)
at org.testng.TestRunner.privateRun(TestRunner.java:848)
at org.testng.TestRunner.run(TestRunner.java:621)
at org.testng.SuiteRunner.runTest(SuiteRunner.java:443)
at org.testng.SuiteRunner.runSequentially(SuiteRunner.java:437)
at org.testng.SuiteRunner.privateRun(SuiteRunner.java:397)
at org.testng.SuiteRunner.run(SuiteRunner.java:336)
at org.testng.SuiteRunnerWorker.runSuite(SuiteRunnerWorker.java:52)
at org.testng.SuiteRunnerWorker.run(SuiteRunnerWorker.java:95)
at org.testng.TestNG.runSuitesSequentially(TestNG.java:1280)
at org.testng.TestNG.runSuitesLocally(TestNG.java:1200)
at org.testng.TestNG.runSuites(TestNG.java:1114)
at org.testng.TestNG.run(TestNG.java:1082)
at org.apache.maven.surefire.testng.TestNGExecutor.run(TestNGExecutor.java:155)
at org.apache.maven.surefire.testng.TestNGDirectoryTestSuite.executeSingleClass(TestNGDirectoryTestSuite.java:102)
at org.apache.maven.surefire.testng.TestNGDirectoryTestSuite.execute(TestNGDirectoryTestSuite.java:91)
at org.apache.maven.surefire.testng.TestNGProvider.invoke(TestNGProvider.java:137)
at org.apache.maven.surefire.booter.ForkedBooter.runSuitesInProcess(ForkedBooter.java:385)
at org.apache.maven.surefire.booter.ForkedBooter.execute(ForkedBooter.java:162)
at org.apache.maven.surefire.booter.ForkedBooter.run(ForkedBooter.java:507)
at org.apache.maven.surefire.booter.ForkedBooter.main(ForkedBooter.java:495)
]]>
            </full-stacktrace>
          </exception> <!-- java.lang.AssertionError -->
          <reporter-output>
          </reporter-output>
        </test-method> <!-- testPageTitle1 -->
        <test-method is-config="true" signature="tearDown()[pri:0, instance:bookstoscape_automation.BooksTest@7c469c48]" started-at="2025-07-01T12:50:21 IST" name="tearDown" finished-at="2025-07-01T12:50:21 IST" duration-ms="163" status="PASS">
          <reporter-output>
          </reporter-output>
        </test-method> <!-- tearDown -->
        <test-method is-config="true" signature="setUp()[pri:0, instance:bookstoscape_automation.BooksTest@7c469c48]" started-at="2025-07-01T12:50:21 IST" name="setUp" finished-at="2025-07-01T12:50:26 IST" duration-ms="5384" status="PASS">
          <reporter-output>
          </reporter-output>
        </test-method> <!-- setUp -->
        <test-method signature="testPageTitle2()[pri:0, instance:bookstoscape_automation.BooksTest@7c469c48]" started-at="2025-07-01T12:50:26 IST" name="testPageTitle2" finished-at="2025-07-01T12:50:26 IST" duration-ms="25" status="PASS">
          <reporter-output>
          </reporter-output>
        </test-method> <!-- testPageTitle2 -->
        <test-method is-config="true" signature="tearDown()[pri:0, instance:bookstoscape_automation.BooksTest@7c469c48]" started-at="2025-07-01T12:50:26 IST" name="tearDown" finished-at="2025-07-01T12:50:27 IST" duration-ms="301" status="PASS">
          <reporter-output>
          </reporter-output>
        </test-method> <!-- tearDown -->
      </class> <!-- bookstoscape_automation.BooksTest -->
    </test> <!-- Surefire test -->
  </suite> <!-- Surefire suite -->
</testng-results>
